<?xml version="1.0" encoding="UTF-8"?>
<testng-results ignored="0" total="11" passed="11" failed="0" skipped="0">
  <reporter-output>
  </reporter-output>
  <suite started-at="2025-05-23T11:46:00 IST" name="Suite" finished-at="2025-05-23T11:50:12 IST" duration-ms="251314">
    <groups>
    </groups>
    <test started-at="2025-05-23T11:46:00 IST" name="Test" finished-at="2025-05-23T11:50:12 IST" duration-ms="251314">
      <class name="tests.LoginTest">
        <test-method is-config="true" signature="setup()[pri:0, instance:tests.LoginTest@72057ecf]" started-at="2025-05-23T11:46:00 IST" name="setup" finished-at="2025-05-23T11:46:08 IST" duration-ms="7512" status="PASS">
          <reporter-output>
          </reporter-output>
        </test-method> <!-- setup -->
        <test-method signature="loginWithInvalidCredentials()[pri:1, instance:tests.LoginTest@72057ecf]" started-at="2025-05-23T11:46:08 IST" name="loginWithInvalidCredentials" finished-at="2025-05-23T11:46:37 IST" duration-ms="29265" status="PASS">
          <reporter-output>
          </reporter-output>
        </test-method> <!-- loginWithInvalidCredentials -->
        <test-method is-config="true" signature="tearDown(org.testng.ITestResult)[pri:0, instance:tests.LoginTest@72057ecf]" started-at="2025-05-23T11:46:37 IST" name="tearDown" finished-at="2025-05-23T11:46:42 IST" duration-ms="4515" status="PASS">
          <params>
            <param index="0">
              <value>
                <![CDATA[[TestResult name=loginWithInvalidCredentials status=SUCCESS method=LoginTest.loginWithInvalidCredentials()[pri:1, instance:tests.LoginTest@72057ecf] output={null}]]]>
              </value>
            </param>
          </params>
          <reporter-output>
          </reporter-output>
        </test-method> <!-- tearDown -->
        <test-method is-config="true" signature="setup()[pri:0, instance:tests.LoginTest@72057ecf]" started-at="2025-05-23T11:46:42 IST" name="setup" finished-at="2025-05-23T11:46:44 IST" duration-ms="2540" status="PASS">
          <reporter-output>
          </reporter-output>
        </test-method> <!-- setup -->
        <test-method signature="loginWithWrongUsername()[pri:2, instance:tests.LoginTest@72057ecf]" started-at="2025-05-23T11:46:44 IST" name="loginWithWrongUsername" finished-at="2025-05-23T11:46:52 IST" duration-ms="7710" status="PASS">
          <reporter-output>
          </reporter-output>
        </test-method> <!-- loginWithWrongUsername -->
        <test-method is-config="true" signature="tearDown(org.testng.ITestResult)[pri:0, instance:tests.LoginTest@72057ecf]" started-at="2025-05-23T11:46:52 IST" name="tearDown" finished-at="2025-05-23T11:46:56 IST" duration-ms="4234" status="PASS">
          <params>
            <param index="0">
              <value>
                <![CDATA[[TestResult name=loginWithWrongUsername status=SUCCESS method=LoginTest.loginWithWrongUsername()[pri:2, instance:tests.LoginTest@72057ecf] output={null}]]]>
              </value>
            </param>
          </params>
          <reporter-output>
          </reporter-output>
        </test-method> <!-- tearDown -->
        <test-method is-config="true" signature="setup()[pri:0, instance:tests.LoginTest@72057ecf]" started-at="2025-05-23T11:46:56 IST" name="setup" finished-at="2025-05-23T11:46:59 IST" duration-ms="2602" status="PASS">
          <reporter-output>
          </reporter-output>
        </test-method> <!-- setup -->
        <test-method signature="loginWithValidCredentials()[pri:3, instance:tests.LoginTest@72057ecf]" started-at="2025-05-23T11:46:59 IST" name="loginWithValidCredentials" finished-at="2025-05-23T11:47:09 IST" duration-ms="10664" status="PASS">
          <reporter-output>
          </reporter-output>
        </test-method> <!-- loginWithValidCredentials -->
        <test-method is-config="true" signature="tearDown(org.testng.ITestResult)[pri:0, instance:tests.LoginTest@72057ecf]" started-at="2025-05-23T11:47:09 IST" name="tearDown" finished-at="2025-05-23T11:47:14 IST" duration-ms="4844" status="PASS">
          <params>
            <param index="0">
              <value>
                <![CDATA[[TestResult name=loginWithValidCredentials status=SUCCESS method=LoginTest.loginWithValidCredentials()[pri:3, instance:tests.LoginTest@72057ecf] output={null}]]]>
              </value>
            </param>
          </params>
          <reporter-output>
          </reporter-output>
        </test-method> <!-- tearDown -->
      </class> <!-- tests.LoginTest -->
      <class name="tests.ExtraFunctionalityTest">
        <test-method is-config="true" signature="setup()[pri:0, instance:tests.ExtraFunctionalityTest@12468a38]" started-at="2025-05-23T11:48:44 IST" name="setup" finished-at="2025-05-23T11:48:47 IST" duration-ms="2542" status="PASS">
          <reporter-output>
          </reporter-output>
        </test-method> <!-- setup -->
        <test-method signature="testActionsExample()[pri:1, instance:tests.ExtraFunctionalityTest@12468a38]" started-at="2025-05-23T11:48:47 IST" name="testActionsExample" finished-at="2025-05-23T11:48:59 IST" duration-ms="12003" status="PASS">
          <reporter-output>
          </reporter-output>
        </test-method> <!-- testActionsExample -->
        <test-method is-config="true" signature="tearDown(org.testng.ITestResult)[pri:0, instance:tests.ExtraFunctionalityTest@12468a38]" started-at="2025-05-23T11:48:59 IST" name="tearDown" finished-at="2025-05-23T11:49:03 IST" duration-ms="3970" status="PASS">
          <params>
            <param index="0">
              <value>
                <![CDATA[[TestResult name=testActionsExample status=SUCCESS method=ExtraFunctionalityTest.testActionsExample()[pri:1, instance:tests.ExtraFunctionalityTest@12468a38] output={null}]]]>
              </value>
            </param>
          </params>
          <reporter-output>
          </reporter-output>
        </test-method> <!-- tearDown -->
        <test-method is-config="true" signature="setup()[pri:0, instance:tests.ExtraFunctionalityTest@12468a38]" started-at="2025-05-23T11:49:03 IST" name="setup" finished-at="2025-05-23T11:49:05 IST" duration-ms="2645" status="PASS">
          <reporter-output>
          </reporter-output>
        </test-method> <!-- setup -->
        <test-method signature="testWindowExample()[pri:2, instance:tests.ExtraFunctionalityTest@12468a38]" started-at="2025-05-23T11:49:05 IST" name="testWindowExample" finished-at="2025-05-23T11:49:18 IST" duration-ms="12263" status="PASS">
          <reporter-output>
          </reporter-output>
        </test-method> <!-- testWindowExample -->
        <test-method is-config="true" signature="tearDown(org.testng.ITestResult)[pri:0, instance:tests.ExtraFunctionalityTest@12468a38]" started-at="2025-05-23T11:49:18 IST" name="tearDown" finished-at="2025-05-23T11:49:21 IST" duration-ms="3792" status="PASS">
          <params>
            <param index="0">
              <value>
                <![CDATA[[TestResult name=testWindowExample status=SUCCESS method=ExtraFunctionalityTest.testWindowExample()[pri:2, instance:tests.ExtraFunctionalityTest@12468a38] output={null}]]]>
              </value>
            </param>
          </params>
          <reporter-output>
          </reporter-output>
        </test-method> <!-- tearDown -->
        <test-method is-config="true" signature="setup()[pri:0, instance:tests.ExtraFunctionalityTest@12468a38]" started-at="2025-05-23T11:49:21 IST" name="setup" finished-at="2025-05-23T11:49:24 IST" duration-ms="2970" status="PASS">
          <reporter-output>
          </reporter-output>
        </test-method> <!-- setup -->
        <test-method signature="testIframeExample()[pri:3, instance:tests.ExtraFunctionalityTest@12468a38]" started-at="2025-05-23T11:49:24 IST" name="testIframeExample" finished-at="2025-05-23T11:49:49 IST" duration-ms="24358" status="PASS">
          <reporter-output>
          </reporter-output>
        </test-method> <!-- testIframeExample -->
        <test-method is-config="true" signature="tearDown(org.testng.ITestResult)[pri:0, instance:tests.ExtraFunctionalityTest@12468a38]" started-at="2025-05-23T11:49:49 IST" name="tearDown" finished-at="2025-05-23T11:49:53 IST" duration-ms="3841" status="PASS">
          <params>
            <param index="0">
              <value>
                <![CDATA[[TestResult name=testIframeExample status=SUCCESS method=ExtraFunctionalityTest.testIframeExample()[pri:3, instance:tests.ExtraFunctionalityTest@12468a38] output={null}]]]>
              </value>
            </param>
          </params>
          <reporter-output>
          </reporter-output>
        </test-method> <!-- tearDown -->
        <test-method is-config="true" signature="setup()[pri:0, instance:tests.ExtraFunctionalityTest@12468a38]" started-at="2025-05-23T11:49:53 IST" name="setup" finished-at="2025-05-23T11:49:55 IST" duration-ms="2729" status="PASS">
          <reporter-output>
          </reporter-output>
        </test-method> <!-- setup -->
        <test-method signature="testAlertExample()[pri:4, instance:tests.ExtraFunctionalityTest@12468a38]" started-at="2025-05-23T11:49:55 IST" name="testAlertExample" finished-at="2025-05-23T11:50:07 IST" duration-ms="11484" status="PASS">
          <reporter-output>
          </reporter-output>
        </test-method> <!-- testAlertExample -->
        <test-method is-config="true" signature="tearDown(org.testng.ITestResult)[pri:0, instance:tests.ExtraFunctionalityTest@12468a38]" started-at="2025-05-23T11:50:07 IST" name="tearDown" finished-at="2025-05-23T11:50:12 IST" duration-ms="4855" status="PASS">
          <params>
            <param index="0">
              <value>
                <![CDATA[[TestResult name=testAlertExample status=SUCCESS method=ExtraFunctionalityTest.testAlertExample()[pri:4, instance:tests.ExtraFunctionalityTest@12468a38] output={null}]]]>
              </value>
            </param>
          </params>
          <reporter-output>
          </reporter-output>
        </test-method> <!-- tearDown -->
      </class> <!-- tests.ExtraFunctionalityTest -->
      <class name="tests.FormSubmissionTest">
        <test-method is-config="true" signature="setup()[pri:0, instance:tests.FormSubmissionTest@9f116cc]" started-at="2025-05-23T11:48:02 IST" name="setup" finished-at="2025-05-23T11:48:05 IST" duration-ms="2781" status="PASS">
          <reporter-output>
          </reporter-output>
        </test-method> <!-- setup -->
        <test-method signature="validFormSubmissionTest()[pri:1, instance:tests.FormSubmissionTest@9f116cc]" started-at="2025-05-23T11:48:05 IST" name="validFormSubmissionTest" finished-at="2025-05-23T11:48:13 IST" duration-ms="8710" status="PASS">
          <reporter-output>
          </reporter-output>
        </test-method> <!-- validFormSubmissionTest -->
        <test-method is-config="true" signature="tearDown(org.testng.ITestResult)[pri:0, instance:tests.FormSubmissionTest@9f116cc]" started-at="2025-05-23T11:48:13 IST" name="tearDown" finished-at="2025-05-23T11:48:17 IST" duration-ms="3977" status="PASS">
          <params>
            <param index="0">
              <value>
                <![CDATA[[TestResult name=validFormSubmissionTest status=SUCCESS method=FormSubmissionTest.validFormSubmissionTest()[pri:1, instance:tests.FormSubmissionTest@9f116cc] output={null}]]]>
              </value>
            </param>
          </params>
          <reporter-output>
          </reporter-output>
        </test-method> <!-- tearDown -->
        <test-method is-config="true" signature="setup()[pri:0, instance:tests.FormSubmissionTest@9f116cc]" started-at="2025-05-23T11:48:17 IST" name="setup" finished-at="2025-05-23T11:48:20 IST" duration-ms="2793" status="PASS">
          <reporter-output>
          </reporter-output>
        </test-method> <!-- setup -->
        <test-method signature="invalidFormSubmissionTest()[pri:2, instance:tests.FormSubmissionTest@9f116cc]" started-at="2025-05-23T11:48:20 IST" name="invalidFormSubmissionTest" finished-at="2025-05-23T11:48:40 IST" duration-ms="20041" status="PASS">
          <reporter-output>
          </reporter-output>
        </test-method> <!-- invalidFormSubmissionTest -->
        <test-method is-config="true" signature="tearDown(org.testng.ITestResult)[pri:0, instance:tests.FormSubmissionTest@9f116cc]" started-at="2025-05-23T11:48:40 IST" name="tearDown" finished-at="2025-05-23T11:48:44 IST" duration-ms="3892" status="PASS">
          <params>
            <param index="0">
              <value>
                <![CDATA[[TestResult name=invalidFormSubmissionTest status=SUCCESS method=FormSubmissionTest.invalidFormSubmissionTest()[pri:2, instance:tests.FormSubmissionTest@9f116cc] output={null}]]]>
              </value>
            </param>
          </params>
          <reporter-output>
          </reporter-output>
        </test-method> <!-- tearDown -->
      </class> <!-- tests.FormSubmissionTest -->
      <class name="tests.SearchTest">
        <test-method is-config="true" signature="setup()[pri:0, instance:tests.SearchTest@67d48005]" started-at="2025-05-23T11:47:14 IST" name="setup" finished-at="2025-05-23T11:47:17 IST" duration-ms="2830" status="PASS">
          <reporter-output>
          </reporter-output>
        </test-method> <!-- setup -->
        <test-method signature="positiveSearchTest()[pri:1, instance:tests.SearchTest@67d48005]" started-at="2025-05-23T11:47:17 IST" name="positiveSearchTest" finished-at="2025-05-23T11:47:31 IST" duration-ms="14002" status="PASS">
          <reporter-output>
          </reporter-output>
        </test-method> <!-- positiveSearchTest -->
        <test-method is-config="true" signature="tearDown(org.testng.ITestResult)[pri:0, instance:tests.SearchTest@67d48005]" started-at="2025-05-23T11:47:31 IST" name="tearDown" finished-at="2025-05-23T11:47:35 IST" duration-ms="3554" status="PASS">
          <params>
            <param index="0">
              <value>
                <![CDATA[[TestResult name=positiveSearchTest status=SUCCESS method=SearchTest.positiveSearchTest()[pri:1, instance:tests.SearchTest@67d48005] output={null}]]]>
              </value>
            </param>
          </params>
          <reporter-output>
          </reporter-output>
        </test-method> <!-- tearDown -->
        <test-method is-config="true" signature="setup()[pri:0, instance:tests.SearchTest@67d48005]" started-at="2025-05-23T11:47:35 IST" name="setup" finished-at="2025-05-23T11:47:37 IST" duration-ms="2490" status="PASS">
          <reporter-output>
          </reporter-output>
        </test-method> <!-- setup -->
        <test-method signature="negativeSearchTest()[pri:2, instance:tests.SearchTest@67d48005]" started-at="2025-05-23T11:47:37 IST" name="negativeSearchTest" finished-at="2025-05-23T11:47:58 IST" duration-ms="20849" status="PASS">
          <reporter-output>
          </reporter-output>
        </test-method> <!-- negativeSearchTest -->
        <test-method is-config="true" signature="tearDown(org.testng.ITestResult)[pri:0, instance:tests.SearchTest@67d48005]" started-at="2025-05-23T11:47:58 IST" name="tearDown" finished-at="2025-05-23T11:48:02 IST" duration-ms="3979" status="PASS">
          <params>
            <param index="0">
              <value>
                <![CDATA[[TestResult name=negativeSearchTest status=SUCCESS method=SearchTest.negativeSearchTest()[pri:2, instance:tests.SearchTest@67d48005] output={null}]]]>
              </value>
            </param>
          </params>
          <reporter-output>
          </reporter-output>
        </test-method> <!-- tearDown -->
      </class> <!-- tests.SearchTest -->
    </test> <!-- Test -->
  </suite> <!-- Suite -->
</testng-results>
