<?xml version="1.0" encoding="UTF-8"?>
<!-- Generated by org.testng.reporters.JUnitXMLReporter -->
<testsuite ignored="0" hostname="ASCINLAP60824" failures="0" tests="11" name="Test" time="251.314" errors="0" timestamp="2025-05-23T11:50:12 IST">
  <testcase classname="tests.LoginTest" name="loginWithInvalidCredentials" time="29.265"/>
  <testcase classname="tests.LoginTest" name="loginWithWrongUsername" time="7.71"/>
  <testcase classname="tests.LoginTest" name="loginWithValidCredentials" time="10.664"/>
  <testcase classname="tests.SearchTest" name="positiveSearchTest" time="14.002"/>
  <testcase classname="tests.SearchTest" name="negativeSearchTest" time="20.849"/>
  <testcase classname="tests.FormSubmissionTest" name="validFormSubmissionTest" time="8.71"/>
  <testcase classname="tests.FormSubmissionTest" name="invalidFormSubmissionTest" time="20.041"/>
  <testcase classname="tests.ExtraFunctionalityTest" name="testActionsExample" time="12.003"/>
  <testcase classname="tests.ExtraFunctionalityTest" name="testWindowExample" time="12.263"/>
  <testcase classname="tests.ExtraFunctionalityTest" name="testIframeExample" time="24.358"/>
  <testcase classname="tests.ExtraFunctionalityTest" name="testAlertExample" time="11.484"/>
</testsuite> <!-- Test -->
